<?xml version="1.0" encoding="UTF-8"?>
<!-- Generated by org.testng.reporters.JUnitReportReporter -->
<testsuite hostname="ArunMotoori" failures="0" tests="3" name="tests.LoginFile" time="31.035" errors="0" timestamp="2024-05-25T19:17:23 IST" skipped="0">
  <testcase classname="tests.LoginFile" name="loginWithValidCredentials" time="9.504"/>
  <testcase classname="tests.LoginFile" name="loginWithValidCredentials" time="10.621"/>
  <testcase classname="tests.LoginFile" name="loginWithValidCredentials" time="10.910"/>
</testsuite> <!-- tests.LoginFile -->
