<?xml version="1.0" encoding="UTF-8"?>
<!-- Generated by org.testng.reporters.JUnitReportReporter -->
<testsuite hostname="ArunMotoori" failures="0" tests="2" name="tests.Register" time="15.484" errors="0" timestamp="2024-05-25T19:17:23 IST" skipped="0">
  <testcase classname="tests.Register" name="registerWithMandatoryFields" time="7.840"/>
  <testcase classname="tests.Register" name="registerWithAllFields" time="7.644"/>
</testsuite> <!-- tests.Register -->
