<?xml version="1.0" encoding="UTF-8"?>
<!-- Generated by org.testng.reporters.JUnitReportReporter -->
<testsuite hostname="ArunMotoori" failures="0" tests="5" name="tests.Login" time="67.685" errors="0" timestamp="2024-06-08T19:51:41 IST" skipped="0">
  <testcase classname="tests.Login" name="loginWithValidCredentials" time="12.440"/>
  <testcase classname="tests.Login" name="loginWithInvalidCredentials" time="13.096"/>
  <testcase classname="tests.Login" name="loginWithValidEmailAndInvalidPassword" time="12.275"/>
  <testcase classname="tests.Login" name="loginWithInvalidEmailAndValidPassword" time="19.447"/>
  <testcase classname="tests.Login" name="loginWithoutEnteringAnyCredentials" time="10.427"/>
</testsuite> <!-- tests.Login -->
