<?xml version="1.0" encoding="UTF-8"?>
<!-- Generated by org.testng.reporters.JUnitReportReporter -->
<testsuite hostname="ArunMotoori" failures="0" tests="3" name="tests.Register" time="48.832" errors="0" timestamp="2024-06-08T19:51:41 IST" skipped="0">
  <testcase classname="tests.Register" name="registerWithAllFields" time="15.294"/>
  <testcase classname="tests.Register" name="registerWithMandatoryFields" time="15.432"/>
  <testcase classname="tests.Register" name="registerWithoutEnteringAnyDetails" time="18.106"/>
</testsuite> <!-- tests.Register -->
