<?xml version="1.0" encoding="UTF-8"?>
<!-- Generated by org.testng.reporters.JUnitReportReporter -->
<testsuite hostname="ArunMotoori" failures="0" tests="3" name="tests.Search" time="28.642" errors="0" timestamp="2024-06-08T19:51:41 IST" skipped="0">
  <testcase classname="tests.Search" name="searchForAValidProduct" time="9.945"/>
  <testcase classname="tests.Search" name="searchWithAnInvalidProduct" time="9.866"/>
  <testcase classname="tests.Search" name="searchWithoutAnyProduct" time="8.831"/>
</testsuite> <!-- tests.Search -->
