<?xml version="1.0" encoding="UTF-8"?>
<!-- Generated by org.testng.reporters.JUnitReportReporter -->
<testsuite hostname="ArunMotoori" failures="0" tests="1" name="tests.Login" time="19.825" errors="0" timestamp="2024-05-21T08:16:25 IST" skipped="0">
  <testcase classname="tests.Login" name="loginWithValidCredentials" time="19.825"/>
</testsuite> <!-- tests.Login -->
