<?xml version="1.0" encoding="UTF-8"?>
<!-- Generated by org.testng.reporters.JUnitReportReporter -->
<testsuite hostname="ArunMotoori" failures="0" tests="3" name="testngpack.BeforeAfterMethodAnnotationsDemo" time="0.055" errors="0" timestamp="2024-05-22T08:36:43 IST" skipped="0">
  <testcase classname="testngpack.BeforeAfterMethodAnnotationsDemo" name="testMethodOne" time="0.028"/>
  <testcase classname="testngpack.BeforeAfterMethodAnnotationsDemo" name="testMethodTwo" time="0.015"/>
  <testcase classname="testngpack.BeforeAfterMethodAnnotationsDemo" name="testMethodThree" time="0.012"/>
</testsuite> <!-- testngpack.BeforeAfterMethodAnnotationsDemo -->
