<?xml version="1.0" encoding="UTF-8"?>
<!-- Generated by org.testng.reporters.JUnitReportReporter -->
<testsuite hostname="ArunMotoori" failures="0" tests="2" name="testngpack2.BeforeAfterMethodAnnotationsDemo" time="0.021" errors="0" timestamp="2024-05-22T08:59:01 IST" skipped="0">
  <testcase classname="testngpack2.BeforeAfterMethodAnnotationsDemo" name="testMethodOne" time="0.012"/>
  <testcase classname="testngpack2.BeforeAfterMethodAnnotationsDemo" name="testMethodTwo" time="0.009"/>
</testsuite> <!-- testngpack2.BeforeAfterMethodAnnotationsDemo -->
