<?xml version="1.0" encoding="UTF-8"?>
<!-- Generated by org.testng.reporters.JUnitReportReporter -->
<testsuite hostname="ArunMotoori" failures="0" tests="1" name="testngpack.Login" time="11.664" errors="0" timestamp="2024-05-22T09:24:15 IST" skipped="0">
  <testcase classname="testngpack.Login" name="loginWithValidCredentials" time="11.664"/>
</testsuite> <!-- testngpack.Login -->
