<?xml version="1.0" encoding="UTF-8"?>
<!-- Generated by org.testng.reporters.JUnitReportReporter -->
<testsuite hostname="ArunMotoori" failures="0" tests="3" name="testngpack.BeforeAfterClassAnnotationsDemo" time="0.024" errors="0" timestamp="2024-05-22T08:36:43 IST" skipped="0">
  <testcase classname="testngpack.BeforeAfterClassAnnotationsDemo" name="testMethodOne" time="0.004"/>
  <testcase classname="testngpack.BeforeAfterClassAnnotationsDemo" name="testMethodTwo" time="0.012"/>
  <testcase classname="testngpack.BeforeAfterClassAnnotationsDemo" name="testMethodThree" time="0.008"/>
</testsuite> <!-- testngpack.BeforeAfterClassAnnotationsDemo -->
