<?xml version="1.0" encoding="UTF-8"?>
<!-- Generated by org.testng.reporters.JUnitReportReporter -->
<testsuite hostname="ArunMotoori" failures="0" tests="1" name="tests.Login" time="20.895" errors="0" timestamp="2024-06-16T18:38:06 IST" skipped="0">
  <testcase classname="tests.Login" name="loginWithValidCredentails" time="20.895"/>
</testsuite> <!-- tests.Login -->
