<?xml version="1.0" encoding="UTF-8"?>
<!-- Generated by org.testng.reporters.JUnitReportReporter -->
<testsuite hostname="ArunMotoori" failures="0" tests="1" name="tests.Register" time="20.577" errors="0" timestamp="2024-05-27T08:32:08 IST" skipped="0">
  <testcase classname="tests.Register" name="registerWithAllFields" time="20.577"/>
</testsuite> <!-- tests.Register -->
