<?xml version="1.0" encoding="UTF-8"?>
<!-- Generated by org.testng.reporters.JUnitReportReporter -->
<testsuite hostname="ArunMotoori" failures="0" tests="5" name="tests.Login" time="74.420" errors="0" timestamp="2024-06-08T21:44:02 IST" skipped="0">
  <testcase classname="tests.Login" name="loginWithValidCredentials" time="12.023"/>
  <testcase classname="tests.Login" name="loginWithInvalidCredentials" time="12.705"/>
  <testcase classname="tests.Login" name="loginWithValidEmailAndInvalidPassword" time="9.946"/>
  <testcase classname="tests.Login" name="loginWithInvalidEmailAndValidPassword" time="17.934"/>
  <testcase classname="tests.Login" name="loginWithoutEnteringAnyCredentials" time="21.812"/>
</testsuite> <!-- tests.Login -->
