<?xml version="1.0" encoding="UTF-8"?>
<!-- Generated by org.testng.reporters.JUnitReportReporter -->
<testsuite hostname="ArunMotoori" failures="0" tests="3" name="tests.Search" time="25.820" errors="0" timestamp="2024-06-08T21:44:02 IST" skipped="0">
  <testcase classname="tests.Search" name="searchForAValidProduct" time="8.396"/>
  <testcase classname="tests.Search" name="searchWithAnInvalidProduct" time="8.090"/>
  <testcase classname="tests.Search" name="searchWithoutAnyProduct" time="9.334"/>
</testsuite> <!-- tests.Search -->
