<?xml version="1.0" encoding="UTF-8"?>
<!-- Generated by org.testng.reporters.JUnitReportReporter -->
<testsuite hostname="ArunMotoori" failures="0" tests="2" name="tests.Login" time="40.283" errors="0" timestamp="2024-05-27T08:32:08 IST" skipped="0">
  <testcase classname="tests.Login" name="loginWithValidCredentials" time="16.171"/>
  <testcase classname="tests.Login" name="loginWithInvalidCredentials" time="24.112"/>
</testsuite> <!-- tests.Login -->
