<?xml version="1.0" encoding="UTF-8"?>
<!-- Generated by org.testng.reporters.JUnitReportReporter -->
<testsuite hostname="ArunMotoori" failures="0" tests="3" name="tests.Register" time="90.390" errors="0" timestamp="2024-06-08T21:44:02 IST" skipped="0">
  <testcase classname="tests.Register" name="registerWithAllFields" time="14.351"/>
  <testcase classname="tests.Register" name="registerWithMandatoryFields" time="54.406"/>
  <testcase classname="tests.Register" name="registerWithoutEnteringAnyDetails" time="21.633"/>
</testsuite> <!-- tests.Register -->
