<?xml version="1.0" encoding="UTF-8"?>
<!-- Generated by org.testng.reporters.JUnitReportReporter -->
<testsuite hostname="ArunMotoori" failures="0" tests="5" name="tests.Login" time="64.452" errors="0" timestamp="2024-05-26T18:28:49 IST" skipped="0">
  <testcase classname="tests.Login" name="loginWithValidCredentials" time="11.881"/>
  <testcase classname="tests.Login" name="loginWithInvalidCredentials" time="18.652"/>
  <testcase classname="tests.Login" name="loginWithInvalidEmailAndValidPassword" time="11.909"/>
  <testcase classname="tests.Login" name="loginWithValidEmailAndInvalidPassword" time="11.982"/>
  <testcase classname="tests.Login" name="loginWithoutEnteringAnyCredentials" time="10.028"/>
</testsuite> <!-- tests.Login -->
