<?xml version="1.0" encoding="UTF-8"?>
<!-- Generated by org.testng.reporters.JUnitReportReporter -->
<testsuite hostname="ArunMotoori" failures="0" tests="2" name="tests.Register" time="31.584" errors="0" timestamp="2024-05-26T18:28:49 IST" skipped="0">
  <testcase classname="tests.Register" name="registerWithAllFields" time="15.541"/>
  <testcase classname="tests.Register" name="registerWithMandatoryFields" time="16.043"/>
</testsuite> <!-- tests.Register -->
