<?xml version="1.0" encoding="UTF-8"?>
<!-- Generated by org.testng.reporters.JUnitReportReporter -->
<testsuite hostname="ArunMotoori" failures="0" tests="3" name="tests.Search" time="38.658" errors="0" timestamp="2024-06-08T18:53:17 IST" skipped="0">
  <testcase classname="tests.Search" name="searchForAValidProduct" time="14.139"/>
  <testcase classname="tests.Search" name="searchWithAnInvalidProduct" time="13.421"/>
  <testcase classname="tests.Search" name="searchWithoutAnyProduct" time="11.098"/>
</testsuite> <!-- tests.Search -->
