<?xml version="1.0" encoding="UTF-8"?>
<!-- Generated by org.testng.reporters.JUnitReportReporter -->
<testsuite hostname="ArunMotoori" failures="0" tests="5" name="tests.Login" time="88.217" errors="0" timestamp="2024-06-08T18:53:17 IST" skipped="0">
  <testcase classname="tests.Login" name="loginWithValidCredentials" time="13.465"/>
  <testcase classname="tests.Login" name="loginWithInvalidCredentials" time="14.792"/>
  <testcase classname="tests.Login" name="loginWithValidEmailAndInvalidPassword" time="26.563"/>
  <testcase classname="tests.Login" name="loginWithInvalidEmailAndValidPassword" time="19.751"/>
  <testcase classname="tests.Login" name="loginWithoutEnteringAnyCredentials" time="13.646"/>
</testsuite> <!-- tests.Login -->
