<?xml version="1.0" encoding="UTF-8"?>
<!-- Generated by org.testng.reporters.JUnitReportReporter -->
<testsuite hostname="ArunMotoori" failures="0" tests="3" name="tests.Register" time="45.594" errors="0" timestamp="2024-06-08T18:53:17 IST" skipped="0">
  <testcase classname="tests.Register" name="registerWithAllFields" time="16.177"/>
  <testcase classname="tests.Register" name="registerWithMandatoryFields" time="16.308"/>
  <testcase classname="tests.Register" name="registerWithoutEnteringAnyDetails" time="13.109"/>
</testsuite> <!-- tests.Register -->
